<?xml version="1.0" encoding="UTF-8"?>
<!-- Generated by org.testng.reporters.JUnitReportReporter -->
<testsuite skipped="0" hostname="RAYFAMILY" name="parallel.grid.roughWork.TestCase6" tests="1" failures="0" timestamp="2020-05-07T21:58:48 BST" time="20.625" errors="0">
  <testcase name="logIn" time="20.625" classname="parallel.grid.roughWork.TestCase6"/>
  <system-out/>
</testsuite> <!-- parallel.grid.roughWork.TestCase6 -->
