<?xml version="1.0" encoding="UTF-8"?>
<!-- Generated by org.testng.reporters.JUnitReportReporter -->
<testsuite skipped="0" hostname="DESKTOP-IREDREU" name="parallel.grid.roughWork.TestCase5" tests="2" failures="0" timestamp="2020-04-23T19:25:30 BST" time="25.624" errors="0">
  <testcase name="logIn" time="12.547" classname="parallel.grid.roughWork.TestCase5"/>
  <system-out/>
  <testcase name="logIn" time="13.077" classname="parallel.grid.roughWork.TestCase5"/>
  <system-out/>
</testsuite> <!-- parallel.grid.roughWork.TestCase5 -->
